[18:54:48] DEBUG    matplotlib data path: /home/pdm6134/.local/lib/python3.9/site-packages/matplotlib/mpl-data                                                                               __init__.py:341
           DEBUG    CONFIGDIR=/home/pdm6134/.config/matplotlib                                                                                                                               __init__.py:341
           DEBUG    interactive is False                                                                                                                                                    __init__.py:1509
           DEBUG    platform is linux                                                                                                                                                       __init__.py:1510
           DEBUG    CACHEDIR=/home/pdm6134/.cache/matplotlib                                                                                                                                 __init__.py:341
           DEBUG    Using fontManager instance from /home/pdm6134/.cache/matplotlib/fontlist-v390.json                                                                                  font_manager.py:1580
[11/21/24 18:55:02] INFO     Initializing investment problem salto_capacity_investment_0                                                                                             investment_module.py:61
                    INFO     Optimization trajectory not found at                                                                                                                   investment_module.py:108
                             /projects/p32342/comparative_statics/salto_capacity/salto_capacity_investment_0/salto_capacity_investment_0_trajectory.json. Initializing a new one.                           
                    INFO     Created investment_problem object for salto_capacity_investment_0.                                                                            comparative_statics_module.py:277
                    INFO     Initializing investment problem salto_capacity_investment_0.2                                                                                           investment_module.py:61
                    INFO     Optimization trajectory not found at                                                                                                                   investment_module.py:108
                             /projects/p32342/comparative_statics/salto_capacity/salto_capacity_investment_0.2/salto_capacity_investment_0.2_trajectory.json. Initializing a new                            
                             one.                                                                                                                                                                           
                    INFO     Created investment_problem object for salto_capacity_investment_0.2.                                                                          comparative_statics_module.py:277
                    INFO     Initializing investment problem salto_capacity_investment_0.6                                                                                           investment_module.py:61
                    INFO     Optimization trajectory not found at                                                                                                                   investment_module.py:108
                             /projects/p32342/comparative_statics/salto_capacity/salto_capacity_investment_0.6/salto_capacity_investment_0.6_trajectory.json. Initializing a new                            
                             one.                                                                                                                                                                           
                    INFO     Created investment_problem object for salto_capacity_investment_0.6.                                                                          comparative_statics_module.py:277
                    INFO     Initializing investment problem salto_capacity_investment_0.75                                                                                          investment_module.py:61
                    INFO     Optimization trajectory not found at                                                                                                                   investment_module.py:108
                             /projects/p32342/comparative_statics/salto_capacity/salto_capacity_investment_0.75/salto_capacity_investment_0.75_trajectory.json. Initializing a new                          
                             one.                                                                                                                                                                           
                    INFO     Created investment_problem object for salto_capacity_investment_0.75.                                                                         comparative_statics_module.py:277
                    INFO     Initializing investment problem salto_capacity_investment_1                                                                                             investment_module.py:61
                    INFO     Optimization trajectory not found at                                                                                                                   investment_module.py:108
                             /projects/p32342/comparative_statics/salto_capacity/salto_capacity_investment_1/salto_capacity_investment_1_trajectory.json. Initializing a new one.                           
                    INFO     Created investment_problem object for salto_capacity_investment_1.                                                                            comparative_statics_module.py:277
                    INFO     Initializing investment problem salto_capacity_investment_1.25                                                                                          investment_module.py:61
                    INFO     Optimization trajectory not found at                                                                                                                   investment_module.py:108
                             /projects/p32342/comparative_statics/salto_capacity/salto_capacity_investment_1.25/salto_capacity_investment_1.25_trajectory.json. Initializing a new                          
                             one.                                                                                                                                                                           
                    INFO     Created investment_problem object for salto_capacity_investment_1.25.                                                                         comparative_statics_module.py:277
                    INFO     Initializing investment problem salto_capacity_investment_1.5                                                                                           investment_module.py:61
                    INFO     Optimization trajectory not found at                                                                                                                   investment_module.py:108
                             /projects/p32342/comparative_statics/salto_capacity/salto_capacity_investment_1.5/salto_capacity_investment_1.5_trajectory.json. Initializing a new                            
                             one.                                                                                                                                                                           
                    INFO     Created investment_problem object for salto_capacity_investment_1.5.                                                                          comparative_statics_module.py:277
                    INFO     Initializing investment problem salto_capacity_investment_2                                                                                             investment_module.py:61
                    INFO     Optimization trajectory not found at                                                                                                                   investment_module.py:108
                             /projects/p32342/comparative_statics/salto_capacity/salto_capacity_investment_2/salto_capacity_investment_2_trajectory.json. Initializing a new one.                           
                    INFO     Created investment_problem object for salto_capacity_investment_2.                                                                            comparative_statics_module.py:277
                    INFO     Initializing investment problem salto_capacity_investment_3                                                                                             investment_module.py:61
                    INFO     Optimization trajectory not found at                                                                                                                   investment_module.py:108
                             /projects/p32342/comparative_statics/salto_capacity/salto_capacity_investment_3/salto_capacity_investment_3_trajectory.json. Initializing a new one.                           
                    INFO     Created investment_problem object for salto_capacity_investment_3.                                                                            comparative_statics_module.py:277
                    CRITICAL Creating runs with check_convergence=False                                                                                                    comparative_statics_module.py:200
                    ERROR    No successful iteration found in the optimization trajectory.                                                                                        optimization_module.py:144
                                     Returning the first entry.                                                                                                                                             
                    INFO     Investment problem salto_capacity_investment_0 converged                                                                                      comparative_statics_module.py:216
                    ERROR    No successful iteration found in the optimization trajectory.                                                                                        optimization_module.py:144
                                     Returning the first entry.                                                                                                                                             
                    INFO     Investment problem salto_capacity_investment_0.2 converged                                                                                    comparative_statics_module.py:216
                    ERROR    No successful iteration found in the optimization trajectory.                                                                                        optimization_module.py:144
                                     Returning the first entry.                                                                                                                                             
                    INFO     Investment problem salto_capacity_investment_0.6 converged                                                                                    comparative_statics_module.py:216
                    ERROR    No successful iteration found in the optimization trajectory.                                                                                        optimization_module.py:144
                                     Returning the first entry.                                                                                                                                             
                    INFO     Investment problem salto_capacity_investment_0.75 converged                                                                                   comparative_statics_module.py:216
                    ERROR    No successful iteration found in the optimization trajectory.                                                                                        optimization_module.py:144
                                     Returning the first entry.                                                                                                                                             
                    INFO     Investment problem salto_capacity_investment_1 converged                                                                                      comparative_statics_module.py:216
                    ERROR    No successful iteration found in the optimization trajectory.                                                                                        optimization_module.py:144
                                     Returning the first entry.                                                                                                                                             
                    INFO     Investment problem salto_capacity_investment_1.25 converged                                                                                   comparative_statics_module.py:216
                    ERROR    No successful iteration found in the optimization trajectory.                                                                                        optimization_module.py:144
                                     Returning the first entry.                                                                                                                                             
                    INFO     Investment problem salto_capacity_investment_1.5 converged                                                                                    comparative_statics_module.py:216
                    ERROR    No successful iteration found in the optimization trajectory.                                                                                        optimization_module.py:144
                                     Returning the first entry.                                                                                                                                             
                    INFO     Investment problem salto_capacity_investment_2 converged                                                                                      comparative_statics_module.py:216
                    ERROR    No successful iteration found in the optimization trajectory.                                                                                        optimization_module.py:144
                                     Returning the first entry.                                                                                                                                             
                    INFO     Investment problem salto_capacity_investment_3 converged                                                                                      comparative_statics_module.py:216
                    INFO     Preparing to run salto_capacity_investment_0 on quest                                                                                                  investment_module.py:327
[11/21/24 18:55:03] INFO     Submitted job for investment problem salto_capacity_investment_0                                                                              comparative_statics_module.py:290
                    INFO     Preparing to run salto_capacity_investment_0.2 on quest                                                                                                investment_module.py:327
[11/21/24 18:55:08] INFO     Submitted job for investment problem salto_capacity_investment_0.2                                                                            comparative_statics_module.py:290
                    INFO     Preparing to run salto_capacity_investment_0.6 on quest                                                                                                investment_module.py:327
[11/21/24 18:55:14] INFO     Submitted job for investment problem salto_capacity_investment_0.6                                                                            comparative_statics_module.py:290
                    INFO     Preparing to run salto_capacity_investment_0.75 on quest                                                                                               investment_module.py:327
                    INFO     Submitted job for investment problem salto_capacity_investment_0.75                                                                           comparative_statics_module.py:290
                    INFO     Preparing to run salto_capacity_investment_1 on quest                                                                                                  investment_module.py:327
                    INFO     Submitted job for investment problem salto_capacity_investment_1                                                                              comparative_statics_module.py:290
                    INFO     Preparing to run salto_capacity_investment_1.25 on quest                                                                                               investment_module.py:327
                    INFO     Submitted job for investment problem salto_capacity_investment_1.25                                                                           comparative_statics_module.py:290
                    INFO     Preparing to run salto_capacity_investment_1.5 on quest                                                                                                investment_module.py:327
                    INFO     Submitted job for investment problem salto_capacity_investment_1.5                                                                            comparative_statics_module.py:290
                    INFO     Preparing to run salto_capacity_investment_2 on quest                                                                                                  investment_module.py:327
[11/21/24 18:55:17] INFO     Submitted job for investment problem salto_capacity_investment_2                                                                              comparative_statics_module.py:290
                    INFO     Preparing to run salto_capacity_investment_3 on quest                                                                                                  investment_module.py:327
[11/21/24 18:55:22] INFO     Submitted job for investment problem salto_capacity_investment_3                                                                              comparative_statics_module.py:290
                    ERROR    No successful iteration found in the optimization trajectory.                                                                                        optimization_module.py:144
                                     Returning the first entry.                                                                                                                                             
                    ERROR    Unexpected: profits_dict is None for salto_capacity_investment_0                                                                              comparative_statics_module.py:424
                    ERROR    No successful iteration found in the optimization trajectory.                                                                                        optimization_module.py:144
                                     Returning the first entry.                                                                                                                                             
                    ERROR    Unexpected: profits_dict is None for salto_capacity_investment_0.2                                                                            comparative_statics_module.py:424
                    ERROR    No successful iteration found in the optimization trajectory.                                                                                        optimization_module.py:144
                                     Returning the first entry.                                                                                                                                             
                    ERROR    Unexpected: profits_dict is None for salto_capacity_investment_0.6                                                                            comparative_statics_module.py:424
                    ERROR    No successful iteration found in the optimization trajectory.                                                                                        optimization_module.py:144
                                     Returning the first entry.                                                                                                                                             
                    ERROR    Unexpected: profits_dict is None for salto_capacity_investment_0.75                                                                           comparative_statics_module.py:424
                    ERROR    No successful iteration found in the optimization trajectory.                                                                                        optimization_module.py:144
                                     Returning the first entry.                                                                                                                                             
                    ERROR    Unexpected: profits_dict is None for salto_capacity_investment_1                                                                              comparative_statics_module.py:424
                    ERROR    No successful iteration found in the optimization trajectory.                                                                                        optimization_module.py:144
                                     Returning the first entry.                                                                                                                                             
                    ERROR    Unexpected: profits_dict is None for salto_capacity_investment_1.25                                                                           comparative_statics_module.py:424
                    ERROR    No successful iteration found in the optimization trajectory.                                                                                        optimization_module.py:144
                                     Returning the first entry.                                                                                                                                             
                    ERROR    Unexpected: profits_dict is None for salto_capacity_investment_1.5                                                                            comparative_statics_module.py:424
                    ERROR    No successful iteration found in the optimization trajectory.                                                                                        optimization_module.py:144
                                     Returning the first entry.                                                                                                                                             
                    ERROR    Unexpected: profits_dict is None for salto_capacity_investment_2                                                                              comparative_statics_module.py:424
                    ERROR    No successful iteration found in the optimization trajectory.                                                                                        optimization_module.py:144
                                     Returning the first entry.                                                                                                                                             
                    ERROR    Unexpected: profits_dict is None for salto_capacity_investment_3                                                                              comparative_statics_module.py:424
                    CRITICAL Creating runs with check_convergence=False                                                                                                    comparative_statics_module.py:200
                    ERROR    No successful iteration found in the optimization trajectory.                                                                                        optimization_module.py:144
                                     Returning the first entry.                                                                                                                                             
                    INFO     Investment problem salto_capacity_investment_0 converged                                                                                      comparative_statics_module.py:216
                    ERROR    No successful iteration found in the optimization trajectory.                                                                                        optimization_module.py:144
                                     Returning the first entry.                                                                                                                                             
                    INFO     Investment problem salto_capacity_investment_0.2 converged                                                                                    comparative_statics_module.py:216
                    ERROR    No successful iteration found in the optimization trajectory.                                                                                        optimization_module.py:144
                                     Returning the first entry.                                                                                                                                             
                    INFO     Investment problem salto_capacity_investment_0.6 converged                                                                                    comparative_statics_module.py:216
                    ERROR    No successful iteration found in the optimization trajectory.                                                                                        optimization_module.py:144
                                     Returning the first entry.                                                                                                                                             
                    INFO     Investment problem salto_capacity_investment_0.75 converged                                                                                   comparative_statics_module.py:216
                    ERROR    No successful iteration found in the optimization trajectory.                                                                                        optimization_module.py:144
                                     Returning the first entry.                                                                                                                                             
                    INFO     Investment problem salto_capacity_investment_1 converged                                                                                      comparative_statics_module.py:216
                    ERROR    No successful iteration found in the optimization trajectory.                                                                                        optimization_module.py:144
                                     Returning the first entry.                                                                                                                                             
                    INFO     Investment problem salto_capacity_investment_1.25 converged                                                                                   comparative_statics_module.py:216
                    ERROR    No successful iteration found in the optimization trajectory.                                                                                        optimization_module.py:144
                                     Returning the first entry.                                                                                                                                             
                    INFO     Investment problem salto_capacity_investment_1.5 converged                                                                                    comparative_statics_module.py:216
                    ERROR    No successful iteration found in the optimization trajectory.                                                                                        optimization_module.py:144
                                     Returning the first entry.                                                                                                                                             
                    INFO     Investment problem salto_capacity_investment_2 converged                                                                                      comparative_statics_module.py:216
                    ERROR    No successful iteration found in the optimization trajectory.                                                                                        optimization_module.py:144
                                     Returning the first entry.                                                                                                                                             
                    INFO     Investment problem salto_capacity_investment_3 converged                                                                                      comparative_statics_module.py:216
                    DEBUG    Opening DataFrame from                                                                                                                                 processing_module.py:236
                             /projects/p32342/comparative_statics/salto_capacity/salto_capacity_investment_0/0_1000_1000_300/CAD-2024-DIARIA/2024-11-21-3-11-51-SIM/EOLO_eoloDeci/p                         
                             otencias_eoloDeci_CAD-2024-DIARIA_2024-11-21_3-11-51.xlt                                                                                                                       
[11/21/24 18:55:27] DEBUG    data[0:2]=[['paso', '', 'poste', 'PROMEDIO_ESC', 'ESC0', 'ESC1', 'ESC2', 'ESC3', 'ESC4', 'ESC5', 'ESC6', 'ESC7', 'ESC8', 'ESC9', 'ESC10', 'ESC11',     processing_module.py:242
                             'ESC12', 'ESC13', 'ESC14', 'ESC15', 'ESC16', 'ESC17', 'ESC18', 'ESC19', 'ESC20', 'ESC21', 'ESC22', 'ESC23', 'ESC24', 'ESC25', 'ESC26', 'ESC27',                                
                             'ESC28', 'ESC29', 'ESC30', 'ESC31', 'ESC32', 'ESC33', 'ESC34', 'ESC35', 'ESC36', 'ESC37', 'ESC38', 'ESC39', 'ESC40', 'ESC41', 'ESC42', 'ESC43',                                
                             'ESC44', 'ESC45', 'ESC46', 'ESC47', 'ESC48', 'ESC49', 'ESC50', 'ESC51', 'ESC52', 'ESC53', 'ESC54', 'ESC55', 'ESC56', 'ESC57', 'ESC58', 'ESC59',                                
                             'ESC60', 'ESC61', 'ESC62', 'ESC63', 'ESC64', 'ESC65', 'ESC66', 'ESC67', 'ESC68', 'ESC69', 'ESC70', 'ESC71', 'ESC72', 'ESC73', 'ESC74', 'ESC75',                                
                             'ESC76', 'ESC77', 'ESC78', 'ESC79', 'ESC80', 'ESC81', 'ESC82', 'ESC83', 'ESC84', 'ESC85', 'ESC86', 'ESC87', 'ESC88', 'ESC89', 'ESC90', 'ESC91',                                
                             'ESC92', 'ESC93', 'ESC94', 'ESC95', 'ESC96', 'ESC97', 'ESC98', 'ESC99', 'ESC100', 'ESC101', 'ESC102', 'ESC103', 'ESC104', 'ESC105', 'ESC106',                                  
                             'ESC107', 'ESC108', 'ESC109', 'ESC110', 'ESC111', 'ESC112', 'ESC113', ''], ['0', '2023/5/20/0:0:0', '0', '347.36269858771936', '165.75400000000002',                           
                             '859.56', '205.84132699999998', '290.146', '410.323', '573.039', '379.835192', '194.23499999999999', '423.313', '292.464', '194.23499999999999',                               
                             '376.72231', '45.295', '290.648', '597.052', '751.115', '859.56', '496.209', '118.761515', '597.052', '64.978', '932.9898840000001', '50.83',                                  
                             '432.12899999999996', '543.6207790000001', '194.23499999999999', '45.295', '153.982', '432.12899999999996', '496.209', '443.23', '246.297',                                    
                             '628.7620000000001', '45.295', '513.644', '64.978', '432.12899999999996', '356.602', '379.835192', '258.041', '205.84132699999998', '381.819',                                 
                             '213.857', '276.235', '292.464', '246.297', '525.8530000000001', '153.982', '751.115', '118.761515', '50.83', '290.648', '573.039',                                            
                             '73.59100000000001', '543.6207790000001', '932.9898840000001', '379.835192', '356.602', '859.56', '83.881', '409.045', '78.134', '165.75400000000002',                         
                             '154.691', '56.864', '423.313', '258.041', '154.691', '45.295', '165.75400000000002', '292.464', '859.56', '290.146', '751.115', '180.01',                                     
                             '205.84132699999998', '78.134', '277.05', '859.56', '543.6207790000001', '381.819', '45.295', '153.982', '180.01', '50.83', '409.045', '277.05',                               
                             '290.146', '443.23', '511.32599999999996', '376.72231', '597.052', '194.23499999999999', '205.84132699999998', '78.134', '45.295', '277.05',                                   
                             '292.464', '56.864', '597.052', '246.297', '292.464', '165.75400000000002', '64.978', '290.146', '153.982', '292.464', '154.691', '513.644',                                   
                             '423.313', '761.8190000000001', '923.465', '597.052', '859.56', '']]                                                                                                           
[11/21/24 18:55:31] DEBUG    dataframe.head()=  paso       paso_start poste  ...      111      112          113                                                                     processing_module.py:250
                             0    0  2023/5/20/0:0:0     0  ...  923.465  597.052   859.560000                                                                                                              
                             1    0  2023/5/20/0:0:0     1  ...  748.637  659.829  1019.447047                                                                                                              
                             2    0  2023/5/20/0:0:0     2  ...  670.276  448.069  1021.770215                                                                                                              
                             3    0  2023/5/20/0:0:0     3  ...  748.944  382.262  1021.825184                                                                                                              
                             4    0  2023/5/20/0:0:0     4  ...  715.001  350.738  1021.531879                                                                                                              
                                                                                                                                                                                                            
                             [5 rows x 117 columns]                                                                                                                                                         
[11/21/24 18:55:33] DEBUG    dataframe.head()=             datetime           0        1  ...      111      112          113                                                        processing_module.py:280
                             0 2023-05-20 00:00:00  165.754000  859.560  ...  923.465  597.052   859.560000                                                                                                 
                             1 2023-05-20 01:00:00   15.419392  598.745  ...  748.637  659.829  1019.447047                                                                                                 
                             2 2023-05-20 02:00:00    5.423560  652.719  ...  670.276  448.069  1021.770215                                                                                                 
                             3 2023-05-20 03:00:00   35.499011  693.668  ...  748.944  382.262  1021.825184                                                                                                 
                             4 2023-05-20 04:00:00   59.344218  660.316  ...  715.001  350.738  1021.531879                                                                                                 
                                                                                                                                                                                                            
                             [5 rows x 115 columns]                                                                                                                                                         
                    INFO     Successfully extracted and processed wind production data.                                                                                             participant_module.py:74
                    DEBUG    Opening DataFrame from                                                                                                                                 processing_module.py:236
                             /projects/p32342/comparative_statics/salto_capacity/salto_capacity_investment_0.2/0.2_1000_1000_300/CAD-2024-DIARIA/2024-11-21-3-10-23-SIM/EOLO_eoloDe                         
                             ci/potencias_eoloDeci_CAD-2024-DIARIA_2024-11-21_3-10-23.xlt                                                                                                                   
[11/21/24 18:55:37] DEBUG    data[0:2]=[['paso', '', 'poste', 'PROMEDIO_ESC', 'ESC0', 'ESC1', 'ESC2', 'ESC3', 'ESC4', 'ESC5', 'ESC6', 'ESC7', 'ESC8', 'ESC9', 'ESC10', 'ESC11',     processing_module.py:242
                             'ESC12', 'ESC13', 'ESC14', 'ESC15', 'ESC16', 'ESC17', 'ESC18', 'ESC19', 'ESC20', 'ESC21', 'ESC22', 'ESC23', 'ESC24', 'ESC25', 'ESC26', 'ESC27',                                
                             'ESC28', 'ESC29', 'ESC30', 'ESC31', 'ESC32', 'ESC33', 'ESC34', 'ESC35', 'ESC36', 'ESC37', 'ESC38', 'ESC39', 'ESC40', 'ESC41', 'ESC42', 'ESC43',                                
                             'ESC44', 'ESC45', 'ESC46', 'ESC47', 'ESC48', 'ESC49', 'ESC50', 'ESC51', 'ESC52', 'ESC53', 'ESC54', 'ESC55', 'ESC56', 'ESC57', 'ESC58', 'ESC59',                                
                             'ESC60', 'ESC61', 'ESC62', 'ESC63', 'ESC64', 'ESC65', 'ESC66', 'ESC67', 'ESC68', 'ESC69', 'ESC70', 'ESC71', 'ESC72', 'ESC73', 'ESC74', 'ESC75',                                
                             'ESC76', 'ESC77', 'ESC78', 'ESC79', 'ESC80', 'ESC81', 'ESC82', 'ESC83', 'ESC84', 'ESC85', 'ESC86', 'ESC87', 'ESC88', 'ESC89', 'ESC90', 'ESC91',                                
                             'ESC92', 'ESC93', 'ESC94', 'ESC95', 'ESC96', 'ESC97', 'ESC98', 'ESC99', 'ESC100', 'ESC101', 'ESC102', 'ESC103', 'ESC104', 'ESC105', 'ESC106',                                  
                             'ESC107', 'ESC108', 'ESC109', 'ESC110', 'ESC111', 'ESC112', 'ESC113', ''], ['0', '2023/5/20/0:0:0', '0', '345.15182411403515', '165.75400000000002',                           
                             '859.56', '205.84132699999998', '290.146', '410.323', '573.039', '379.835192', '194.23499999999999', '423.313', '292.464', '194.23499999999999',                               
                             '376.72231', '45.295', '290.648', '597.052', '751.115', '859.56', '496.209', '118.761515', '597.052', '64.978', '932.9898840000001', '50.83',                                  
                             '432.12899999999996', '543.6207790000001', '194.23499999999999', '45.295', '153.982', '432.12899999999996', '496.209', '443.23', '246.297',                                    
                             '376.72231', '45.295', '513.644', '64.978', '432.12899999999996', '356.602', '379.835192', '258.041', '205.84132699999998', '381.819', '213.857',                              
                             '276.235', '292.464', '246.297', '525.8530000000001', '153.982', '751.115', '118.761515', '50.83', '290.648', '573.039', '73.59100000000001',                                  
                             '543.6207790000001', '932.9898840000001', '379.835192', '356.602', '859.56', '83.881', '409.045', '78.134', '165.75400000000002', '154.691', '56.864',                         
                             '423.313', '258.041', '154.691', '45.295', '165.75400000000002', '292.464', '859.56', '290.146', '751.115', '180.01', '205.84132699999998', '78.134',                          
                             '277.05', '859.56', '543.6207790000001', '381.819', '45.295', '153.982', '180.01', '50.83', '409.045', '277.05', '290.146', '443.23',                                          
                             '511.32599999999996', '376.72231', '597.052', '194.23499999999999', '205.84132699999998', '78.134', '45.295', '277.05', '292.464', '56.864',                                   
                             '597.052', '246.297', '292.464', '165.75400000000002', '64.978', '290.146', '153.982', '292.464', '154.691', '513.644', '423.313',                                             
                             '761.8190000000001', '923.465', '597.052', '859.56', '']]                                                                                                                      
[11/21/24 18:55:42] DEBUG    dataframe.head()=  paso       paso_start poste  ...      111      112          113                                                                     processing_module.py:250
                             0    0  2023/5/20/0:0:0     0  ...  923.465  597.052   859.560000                                                                                                              
                             1    0  2023/5/20/0:0:0     1  ...  748.637  659.829  1019.447047                                                                                                              
                             2    0  2023/5/20/0:0:0     2  ...  670.276  448.069  1019.203646                                                                                                              
                             3    0  2023/5/20/0:0:0     3  ...  748.944  382.262   929.728101                                                                                                              
                             4    0  2023/5/20/0:0:0     4  ...  715.001  350.738   885.400660                                                                                                              
                                                                                                                                                                                                            
                             [5 rows x 117 columns]                                                                                                                                                         
[11/21/24 18:55:43] DEBUG    dataframe.head()=             datetime           0        1  ...      111      112          113                                                        processing_module.py:280
                             0 2023-05-20 00:00:00  165.754000  859.560  ...  923.465  597.052   859.560000                                                                                                 
                             1 2023-05-20 01:00:00   15.419392  598.745  ...  748.637  659.829  1019.447047                                                                                                 
                             2 2023-05-20 02:00:00    5.423560  652.719  ...  670.276  448.069  1019.203646                                                                                                 
                             3 2023-05-20 03:00:00   35.499011  693.668  ...  748.944  382.262   929.728101                                                                                                 
                             4 2023-05-20 04:00:00   59.344218  660.316  ...  715.001  350.738   885.400660                                                                                                 
                                                                                                                                                                                                            
                             [5 rows x 115 columns]                                                                                                                                                         
                    INFO     Successfully extracted and processed wind production data.                                                                                             participant_module.py:74
                    DEBUG    File resumIng* not found in                                                                                                                                     auxiliary.py:73
                             /projects/p32342/comparative_statics/salto_capacity/salto_capacity_investment_0.6/0.6_1000_1000_300/CAD-2024-DIARIA/2024-11-21-3-11-4-SIM                                      
                    ERROR    No sim folder found for run 0.6_1000_1000_300 in folder                                                                                                       run_module.py:158
                             /projects/p32342/comparative_statics/salto_capacity/salto_capacity_investment_0.6/0.6_1000_1000_300/CAD-2024-DIARIA                                                            
                    ERROR    Run 0.6_1000_1000_300 was not successful.                                                                                                            run_processor_module.py:67
